<?xml version="1.0" encoding="UTF-8"?>
<testsuite xmlns:xsi="http://www.w3.org/2001/XMLSchema-instance" xsi:noNamespaceSchemaLocation="https://maven.apache.org/surefire/maven-surefire-plugin/xsd/surefire-test-report-3.0.xsd" version="3.0" name="TestSuite" time="35.658" tests="2" errors="0" skipped="0" failures="1">
  <properties>
[...]
</properties>
  <testcase name="CreateAccount" classname="TCs.CreateUser" time="22.952"/>
  <testcase name="openNewAccount" classname="TCs.OpenNewAccount" time="11.303">
    <failure message="Element not found {By.id: fromAccountId}&#10;Expected: exist" type="com.codeborne.selenide.ex.ElementNotFound">com.codeborne.selenide.ex.ElementNotFound: 
Element not found {By.id: fromAccountId}
Expected: exist
	at TCs.OpenNewAccount.openNewAccount(OpenNewAccount.java:19)
Caused by: org.openqa.selenium.NoSuchElementException: 
Cannot locate option containing text: 13566
For documentation on this error, please visit: http://seleniumhq.org/exceptions/no_such_element.html
Build info: version: '3.14.0', revision: 'aacccce0', time: '2018-08-02T20:19:58.91Z'
System info: host: 'CPX-X4CQQ6UUL0Y', ip: '10.106.163.132', os.name: 'Windows 10', os.arch: 'amd64', os.version: '10.0', java.version: '11.0.1'
Driver info: driver.version: unknown
	at TCs.OpenNewAccount.openNewAccount(OpenNewAccount.java:19)
</failure>
  </testcase>
</testsuite>