<?xml version="1.0" encoding="UTF-8"?>
<testng-results ignored="0" total="2" passed="2" failed="0" skipped="0">
  <reporter-output>
  </reporter-output>
  <suite started-at="2019-01-29T19:07:27Z" name="TestALL" finished-at="2019-01-29T19:07:44Z" duration-ms="17822">
    <groups>
    </groups>
    <test started-at="2019-01-29T19:07:27Z" name="AddUser" finished-at="2019-01-29T19:07:38Z" duration-ms="11019">
      <class name="TCs.CreateUser">
        <test-method is-config="true" signature="before()[pri:0, instance:TCs.CreateUser@4f2b503c]" started-at="2019-01-29T20:07:27Z" name="before" finished-at="2019-01-29T20:07:27Z" duration-ms="3" status="PASS">
          <reporter-output>
          </reporter-output>
        </test-method> <!-- before -->
        <test-method signature="CreateAccount(java.lang.String, java.lang.String, java.lang.String, java.lang.String, java.lang.String, java.lang.String, java.lang.String, java.lang.String, java.lang.String, java.lang.String, java.lang.String, java.lang.String)[pri:0, instance:TCs.CreateUser@4f2b503c]" started-at="2019-01-29T20:07:27Z" name="CreateAccount" data-provider="inputData" finished-at="2019-01-29T20:07:38Z" duration-ms="10935" status="PASS">
          <params>
            <param index="0">
              <value>
                <![CDATA[http://parabank.parasoft.com/parabank/index.htm]]>
              </value>
            </param>
            <param index="1">
              <value>
                <![CDATA[stefan]]>
              </value>
            </param>
            <param index="2">
              <value>
                <![CDATA[cutasiewicz]]>
              </value>
            </param>
            <param index="3">
              <value>
                <![CDATA[cudna 3]]>
              </value>
            </param>
            <param index="4">
              <value>
                <![CDATA[lolowo]]>
              </value>
            </param>
            <param index="5">
              <value>
                <![CDATA[ff]]>
              </value>
            </param>
            <param index="6">
              <value>
                <![CDATA[44]]>
              </value>
            </param>
            <param index="7">
              <value>
                <![CDATA[4444444]]>
              </value>
            </param>
            <param index="8">
              <value>
                <![CDATA[4444]]>
              </value>
            </param>
            <param index="9">
              <value>
                <![CDATA[stefan01]]>
              </value>
            </param>
            <param index="10">
              <value>
                <![CDATA[stefan01]]>
              </value>
            </param>
            <param index="11">
              <value>
                <![CDATA[stefan01]]>
              </value>
            </param>
          </params>
          <reporter-output>
          </reporter-output>
        </test-method> <!-- CreateAccount -->
      </class> <!-- TCs.CreateUser -->
    </test> <!-- AddUser -->
    <test started-at="2019-01-29T19:07:38Z" name="AddAcount" finished-at="2019-01-29T19:07:44Z" duration-ms="6716">
      <class name="TCs.OpenNewAccount">
        <test-method signature="openNewAccount(java.lang.String, java.lang.String, java.lang.String)[pri:0, instance:TCs.OpenNewAccount@316bcf94]" started-at="2019-01-29T20:07:38Z" name="openNewAccount" data-provider="inputDataLogin" finished-at="2019-01-29T20:07:44Z" duration-ms="6667" status="PASS">
          <params>
            <param index="0">
              <value>
                <![CDATA[http://parabank.parasoft.com/parabank/index.htm]]>
              </value>
            </param>
            <param index="1">
              <value>
                <![CDATA[stefan01]]>
              </value>
            </param>
            <param index="2">
              <value>
                <![CDATA[stefan01]]>
              </value>
            </param>
          </params>
          <reporter-output>
          </reporter-output>
        </test-method> <!-- openNewAccount -->
        <test-method is-config="true" signature="before()[pri:0, instance:TCs.OpenNewAccount@316bcf94]" started-at="2019-01-29T20:07:38Z" name="before" finished-at="2019-01-29T20:07:38Z" duration-ms="0" status="PASS">
          <reporter-output>
          </reporter-output>
        </test-method> <!-- before -->
      </class> <!-- TCs.OpenNewAccount -->
    </test> <!-- AddAcount -->
  </suite> <!-- TestALL -->
</testng-results>
